#
# A fatal error has been detected by the Java Runtime Environment:
#
#  EXCEPTION_ACCESS_VIOLATION (0xc0000005) at pc=0x000000006bee6189, pid=16436, tid=0x0000000000003fc0
#
# JRE version: Java(TM) SE Runtime Environment (8.0_181-b13) (build 1.8.0_181-b13)
# Java VM: Java HotSpot(TM) 64-Bit Server VM (25.181-b13 mixed mode windows-amd64 compressed oops)
# Problematic frame:
# V  [jvm.dll+0x4c6189]
#
# Failed to write core dump. Minidumps are not enabled by default on client versions of Windows
#
# If you would like to submit a bug report, please visit:
#   http://bugreport.java.com/bugreport/crash.jsp
#

---------------  T H R E A D  ---------------

Current thread (0x00000000278ff800):  JavaThread "C2 CompilerThread0" daemon [_thread_in_native, id=16320, stack(0x00000000287e0000,0x00000000288e0000)]

siginfo: ExceptionCode=0xc0000005, reading address 0xffffffffffffffff

Registers:
RAX=0x000000002cf80a58, RBX=0x88ca6c0000000001, RCX=0x0000000000000003, RDX=0x0000000000000400
RSP=0x00000000288db950, RBP=0x00000000288dbe50, RSI=0x00000000288dbe70, RDI=0x00000000288dba18
R8 =0x000000002d3013c0, R9 =0x0000000000000000, R10=0x000000002e2ed408, R11=0x0000000000000000
R12=0x00000000288db9f8, R13=0x0000000000000008, R14=0x000000002cf84a10, R15=0x0000000000000001
RIP=0x000000006bee6189, EFLAGS=0x0000000000010282

Top of Stack: (sp=0x00000000288db950)
0x00000000288db950:   000000002b4ecb90 0000000000000050
0x00000000288db960:   00000000288dba18 00000000288db9f8
0x00000000288db970:   000000002d3033c0 000000002790ce40
0x00000000288db980:   0000000000000001 0000000000000002
0x00000000288db990:   0000000027938760 000000002d2ff360
0x00000000288db9a0:   000000002790ce40 00000000288dbe50
0x00000000288db9b0:   00000000288dbac0 000000006bee824b
0x00000000288db9c0:   00000000288dbe50 00000000288dba18
0x00000000288db9d0:   0000000000000003 00000000288dba68
0x00000000288db9e0:   000000002d3013b0 000000002d307348
0x00000000288db9f0:   0000000000010388 000000002790ce40
0x00000000288dba00:   0000000000000040 000000002dfdfba0
0x00000000288dba10:   000000000000001e 000000006c09c7a8
0x00000000288dba20:   000000002790ce40 0000000000000020
0x00000000288dba30:   000000002dfdfb20 0000000000000001
0x00000000288dba40:   000000002d2ff360 000000002790ce40 

Instructions: (pc=0x000000006bee6189)
0x000000006bee6169:   00 00 0f 1f 44 00 00 49 8b 46 08 41 ff c7 49 83
0x000000006bee6179:   c5 08 49 8b 5c 05 f8 48 85 db 0f 84 d3 00 00 00
0x000000006bee6189:   48 8b 03 48 8b cb ff 90 b0 00 00 00 84 c0 74 37
0x000000006bee6199:   48 8b 03 48 8b cb ff 50 10 84 c0 75 2a 48 8b 43 


Register to memory mapping:

RAX=0x000000002cf80a58 is an unknown value
RBX=0x88ca6c0000000001 is an unknown value
RCX=0x0000000000000003 is an unknown value
RDX=0x0000000000000400 is an unknown value
RSP=0x00000000288db950 is pointing into the stack for thread: 0x00000000278ff800
RBP=0x00000000288dbe50 is pointing into the stack for thread: 0x00000000278ff800
RSI=0x00000000288dbe70 is pointing into the stack for thread: 0x00000000278ff800
RDI=0x00000000288dba18 is pointing into the stack for thread: 0x00000000278ff800
R8 =0x000000002d3013c0 is an unknown value
R9 =0x0000000000000000 is an unknown value
R10=0x000000002e2ed408 is an unknown value
R11=0x0000000000000000 is an unknown value
R12=0x00000000288db9f8 is pointing into the stack for thread: 0x00000000278ff800
R13=0x0000000000000008 is an unknown value
R14=0x000000002cf84a10 is an unknown value
R15=0x0000000000000001 is an unknown value


Stack: [0x00000000287e0000,0x00000000288e0000],  sp=0x00000000288db950,  free space=1006k
Native frames: (J=compiled Java code, j=interpreted, Vv=VM code, C=native code)
V  [jvm.dll+0x4c6189]
V  [jvm.dll+0x4c824b]
V  [jvm.dll+0x47803c]
V  [jvm.dll+0x479493]
V  [jvm.dll+0x45bd02]
V  [jvm.dll+0xa6b02]
V  [jvm.dll+0xa744f]
V  [jvm.dll+0x245d2f]
V  [jvm.dll+0x29e64a]
C  [msvcr100.dll+0x21d9f]
C  [msvcr100.dll+0x21e3b]
C  [KERNEL32.DLL+0x13dc4]
C  [ntdll.dll+0x73691]


Current CompileTask:
C2:   5437 3188       4       java.util.IdentityHashMap::remove (102 bytes)


---------------  P R O C E S S  ---------------

Java Threads: ( => current thread )
  0x0000000027a8e000 JavaThread "ping-30s" daemon [_thread_blocked, id=2360, stack(0x0000000028ee0000,0x0000000028fe0000)]
  0x0000000027a79000 JavaThread "surefire-forkedjvm-command-thread" daemon [_thread_in_native, id=7152, stack(0x0000000028de0000,0x0000000028ee0000)]
  0x00000000259ee000 JavaThread "Service Thread" daemon [_thread_blocked, id=9440, stack(0x0000000028be0000,0x0000000028ce0000)]
  0x0000000027909000 JavaThread "C1 CompilerThread3" daemon [_thread_blocked, id=10048, stack(0x0000000028ae0000,0x0000000028be0000)]
  0x0000000027907000 JavaThread "C2 CompilerThread2" daemon [_thread_in_native, id=15744, stack(0x00000000289e0000,0x0000000028ae0000)]
  0x0000000027902800 JavaThread "C2 CompilerThread1" daemon [_thread_in_native, id=8760, stack(0x00000000288e0000,0x00000000289e0000)]
=>0x00000000278ff800 JavaThread "C2 CompilerThread0" daemon [_thread_in_native, id=16320, stack(0x00000000287e0000,0x00000000288e0000)]
  0x000000002790e000 JavaThread "Attach Listener" daemon [_thread_blocked, id=16308, stack(0x00000000286e0000,0x00000000287e0000)]
  0x000000002790d000 JavaThread "Signal Dispatcher" daemon [_thread_blocked, id=10592, stack(0x00000000285e0000,0x00000000286e0000)]
  0x00000000278f1800 JavaThread "Finalizer" daemon [_thread_blocked, id=5648, stack(0x0000000027cd0000,0x0000000027dd0000)]
  0x00000000259dd000 JavaThread "Reference Handler" daemon [_thread_blocked, id=5488, stack(0x00000000277d0000,0x00000000278d0000)]
  0x0000000002972800 JavaThread "main" [_thread_in_native, id=9132, stack(0x0000000002860000,0x0000000002960000)]

Other Threads:
  0x00000000259d9000 VMThread [stack: 0x00000000276d0000,0x00000000277d0000] [id=1532]
  0x00000000279b9000 WatcherThread [stack: 0x0000000028ce0000,0x0000000028de0000] [id=8256]

VM state:not at safepoint (normal execution)

VM Mutex/Monitor currently owned by a thread: None

Heap:
 PSYoungGen      total 199680K, used 131033K [0x0000000715f80000, 0x0000000723900000, 0x00000007c0000000)
  eden space 179712K, 70% used [0x0000000715f80000,0x000000071dafa488,0x0000000720f00000)
  from space 19968K, 22% used [0x0000000722580000,0x00000007229fc040,0x0000000723900000)
  to   space 21504K, 0% used [0x0000000720f00000,0x0000000720f00000,0x0000000722400000)
 ParOldGen       total 216064K, used 10250K [0x00000005c1e00000, 0x00000005cf100000, 0x0000000715f80000)
  object space 216064K, 4% used [0x00000005c1e00000,0x00000005c2802940,0x00000005cf100000)
 Metaspace       used 23313K, capacity 23606K, committed 23808K, reserved 1071104K
  class space    used 2919K, capacity 3023K, committed 3072K, reserved 1048576K

Card table byte_map: [0x0000000011e30000,0x0000000012e30000] byte_map_base: 0x000000000f021000

Marking Bits: (ParMarkBitMap*) 0x000000006c242d00
 Begin Bits: [0x00000000140e0000, 0x000000001c068000)
 End Bits:   [0x000000001c068000, 0x0000000023ff0000)

Polling page: 0x00000000025c0000

CodeCache: size=245760Kb used=13056Kb max_used=13056Kb free=232703Kb
 bounds [0x0000000002a70000, 0x0000000003740000, 0x0000000011a70000]
 total_blobs=3640 nmethods=3238 adapters=312
 compilation: enabled

Compilation events (10 events):
Event: 5.387 Thread 0x0000000027909000 3249       3       java.io.FileOutputStream::write (10 bytes)
Event: 5.387 Thread 0x0000000027909000 nmethod 3249 0x0000000003720990 code [0x0000000003720b00, 0x0000000003720c88]
Event: 5.401 Thread 0x00000000278ff800 nmethod 3169 0x0000000003726650 code [0x00000000037269e0, 0x0000000003729580]
Event: 5.401 Thread 0x00000000278ff800 3185       4       java.util.IdentityHashMap::put (137 bytes)
Event: 5.404 Thread 0x00000000278ff800 nmethod 3185 0x0000000003722d10 code [0x0000000003722e80, 0x00000000037232a8]
Event: 5.404 Thread 0x00000000278ff800 3232       4       org.jboss.shrinkwrap.resolver.impl.maven.util.Validate::isNullOrEmpty (15 bytes)
Event: 5.405 Thread 0x00000000278ff800 nmethod 3232 0x00000000036f7a50 code [0x00000000036f7b80, 0x00000000036f7bf8]
Event: 5.405 Thread 0x00000000278ff800 3242 %     4       sun.security.provider.SHA::implCompress @ 122 (491 bytes)
Event: 5.417 Thread 0x00000000278ff800 nmethod 3242% 0x0000000003723850 code [0x00000000037239a0, 0x0000000003724338]
Event: 5.417 Thread 0x00000000278ff800 3188       4       java.util.IdentityHashMap::remove (102 bytes)

GC Heap History (10 events):
Event: 1.979 GC heap before
{Heap before GC invocations=1 (full 0):
 PSYoungGen      total 153088K, used 131584K [0x0000000715f80000, 0x0000000720a00000, 0x00000007c0000000)
  eden space 131584K, 100% used [0x0000000715f80000,0x000000071e000000,0x000000071e000000)
  from space 21504K, 0% used [0x000000071f500000,0x000000071f500000,0x0000000720a00000)
  to   space 21504K, 0% used [0x000000071e000000,0x000000071e000000,0x000000071f500000)
 ParOldGen       total 349696K, used 0K [0x00000005c1e00000, 0x00000005d7380000, 0x0000000715f80000)
  object space 349696K, 0% used [0x00000005c1e00000,0x00000005c1e00000,0x00000005d7380000)
 Metaspace       used 14274K, capacity 14476K, committed 14720K, reserved 1062912K
  class space    used 1869K, capacity 1918K, committed 1920K, reserved 1048576K
Event: 1.987 GC heap after
Heap after GC invocations=1 (full 0):
 PSYoungGen      total 153088K, used 9425K [0x0000000715f80000, 0x0000000720a00000, 0x00000007c0000000)
  eden space 131584K, 0% used [0x0000000715f80000,0x0000000715f80000,0x000000071e000000)
  from space 21504K, 43% used [0x000000071e000000,0x000000071e9344e8,0x000000071f500000)
  to   space 21504K, 0% used [0x000000071f500000,0x000000071f500000,0x0000000720a00000)
 ParOldGen       total 349696K, used 80K [0x00000005c1e00000, 0x00000005d7380000, 0x0000000715f80000)
  object space 349696K, 0% used [0x00000005c1e00000,0x00000005c1e14010,0x00000005d7380000)
 Metaspace       used 14274K, capacity 14476K, committed 14720K, reserved 1062912K
  class space    used 1869K, capacity 1918K, committed 1920K, reserved 1048576K
}
Event: 2.623 GC heap before
{Heap before GC invocations=2 (full 0):
 PSYoungGen      total 153088K, used 89140K [0x0000000715f80000, 0x0000000720a00000, 0x00000007c0000000)
  eden space 131584K, 60% used [0x0000000715f80000,0x000000071ad58ee8,0x000000071e000000)
  from space 21504K, 43% used [0x000000071e000000,0x000000071e9344e8,0x000000071f500000)
  to   space 21504K, 0% used [0x000000071f500000,0x000000071f500000,0x0000000720a00000)
 ParOldGen       total 349696K, used 80K [0x00000005c1e00000, 0x00000005d7380000, 0x0000000715f80000)
  object space 349696K, 0% used [0x00000005c1e00000,0x00000005c1e14010,0x00000005d7380000)
 Metaspace       used 20911K, capacity 21098K, committed 21248K, reserved 1067008K
  class space    used 2723K, capacity 2781K, committed 2816K, reserved 1048576K
Event: 2.631 GC heap after
Heap after GC invocations=2 (full 0):
 PSYoungGen      total 153088K, used 10593K [0x0000000715f80000, 0x0000000720a00000, 0x00000007c0000000)
  eden space 131584K, 0% used [0x0000000715f80000,0x0000000715f80000,0x000000071e000000)
  from space 21504K, 49% used [0x000000071f500000,0x000000071ff584a8,0x0000000720a00000)
  to   space 21504K, 0% used [0x000000071e000000,0x000000071e000000,0x000000071f500000)
 ParOldGen       total 349696K, used 88K [0x00000005c1e00000, 0x00000005d7380000, 0x0000000715f80000)
  object space 349696K, 0% used [0x00000005c1e00000,0x00000005c1e16010,0x00000005d7380000)
 Metaspace       used 20911K, capacity 21098K, committed 21248K, reserved 1067008K
  class space    used 2723K, capacity 2781K, committed 2816K, reserved 1048576K
}
Event: 2.631 GC heap before
{Heap before GC invocations=3 (full 1):
 PSYoungGen      total 153088K, used 10593K [0x0000000715f80000, 0x0000000720a00000, 0x00000007c0000000)
  eden space 131584K, 0% used [0x0000000715f80000,0x0000000715f80000,0x000000071e000000)
  from space 21504K, 49% used [0x000000071f500000,0x000000071ff584a8,0x0000000720a00000)
  to   space 21504K, 0% used [0x000000071e000000,0x000000071e000000,0x000000071f500000)
 ParOldGen       total 349696K, used 88K [0x00000005c1e00000, 0x00000005d7380000, 0x0000000715f80000)
  object space 349696K, 0% used [0x00000005c1e00000,0x00000005c1e16010,0x00000005d7380000)
 Metaspace       used 20911K, capacity 21098K, committed 21248K, reserved 1067008K
  class space    used 2723K, capacity 2781K, committed 2816K, reserved 1048576K
Event: 2.660 GC heap after
Heap after GC invocations=3 (full 1):
 PSYoungGen      total 153088K, used 0K [0x0000000715f80000, 0x0000000720a00000, 0x00000007c0000000)
  eden space 131584K, 0% used [0x0000000715f80000,0x0000000715f80000,0x000000071e000000)
  from space 21504K, 0% used [0x000000071f500000,0x000000071f500000,0x0000000720a00000)
  to   space 21504K, 0% used [0x000000071e000000,0x000000071e000000,0x000000071f500000)
 ParOldGen       total 216064K, used 10234K [0x00000005c1e00000, 0x00000005cf100000, 0x0000000715f80000)
  object space 216064K, 4% used [0x00000005c1e00000,0x00000005c27fe940,0x00000005cf100000)
 Metaspace       used 20911K, capacity 21098K, committed 21248K, reserved 1067008K
  class space    used 2723K, capacity 2781K, committed 2816K, reserved 1048576K
}
Event: 3.784 GC heap before
{Heap before GC invocations=4 (full 1):
 PSYoungGen      total 153088K, used 131584K [0x0000000715f80000, 0x0000000720a00000, 0x00000007c0000000)
  eden space 131584K, 100% used [0x0000000715f80000,0x000000071e000000,0x000000071e000000)
  from space 21504K, 0% used [0x000000071f500000,0x000000071f500000,0x0000000720a00000)
  to   space 21504K, 0% used [0x000000071e000000,0x000000071e000000,0x000000071f500000)
 ParOldGen       total 216064K, used 10234K [0x00000005c1e00000, 0x00000005cf100000, 0x0000000715f80000)
  object space 216064K, 4% used [0x00000005c1e00000,0x00000005c27fe940,0x00000005cf100000)
 Metaspace       used 22866K, capacity 23120K, committed 23296K, reserved 1069056K
  class space    used 2912K, capacity 2990K, committed 3072K, reserved 1048576K
Event: 3.787 GC heap after
Heap after GC invocations=4 (full 1):
 PSYoungGen      total 153088K, used 3216K [0x0000000715f80000, 0x0000000723a80000, 0x00000007c0000000)
  eden space 131584K, 0% used [0x0000000715f80000,0x0000000715f80000,0x000000071e000000)
  from space 21504K, 14% used [0x000000071e000000,0x000000071e324060,0x000000071f500000)
  to   space 21504K, 0% used [0x0000000722580000,0x0000000722580000,0x0000000723a80000)
 ParOldGen       total 216064K, used 10242K [0x00000005c1e00000, 0x00000005cf100000, 0x0000000715f80000)
  object space 216064K, 4% used [0x00000005c1e00000,0x00000005c2800940,0x00000005cf100000)
 Metaspace       used 22866K, capacity 23120K, committed 23296K, reserved 1069056K
  class space    used 2912K, capacity 2990K, committed 3072K, reserved 1048576K
}
Event: 4.583 GC heap before
{Heap before GC invocations=5 (full 1):
 PSYoungGen      total 153088K, used 134800K [0x0000000715f80000, 0x0000000723a80000, 0x00000007c0000000)
  eden space 131584K, 100% used [0x0000000715f80000,0x000000071e000000,0x000000071e000000)
  from space 21504K, 14% used [0x000000071e000000,0x000000071e324060,0x000000071f500000)
  to   space 21504K, 0% used [0x0000000722580000,0x0000000722580000,0x0000000723a80000)
 ParOldGen       total 216064K, used 10242K [0x00000005c1e00000, 0x00000005cf100000, 0x0000000715f80000)
  object space 216064K, 4% used [0x00000005c1e00000,0x00000005c2800940,0x00000005cf100000)
 Metaspace       used 23130K, capacity 23446K, committed 23808K, reserved 1071104K
  class space    used 2912K, capacity 2991K, committed 3072K, reserved 1048576K
Event: 4.587 GC heap after
Heap after GC invocations=5 (full 1):
 PSYoungGen      total 199680K, used 4592K [0x0000000715f80000, 0x0000000723900000, 0x00000007c0000000)
  eden space 179712K, 0% used [0x0000000715f80000,0x0000000715f80000,0x0000000720f00000)
  from space 19968K, 22% used [0x0000000722580000,0x00000007229fc040,0x0000000723900000)
  to   space 21504K, 0% used [0x0000000720f00000,0x0000000720f00000,0x0000000722400000)
 ParOldGen       total 216064K, used 10250K [0x00000005c1e00000, 0x00000005cf100000, 0x0000000715f80000)
  object space 216064K, 4% used [0x00000005c1e00000,0x00000005c2802940,0x00000005cf100000)
 Metaspace       used 23130K, capacity 23446K, committed 23808K, reserved 1071104K
  class space    used 2912K, capacity 2991K, committed 3072K, reserved 1048576K
}

Deoptimization events (10 events):
Event: 3.792 Thread 0x0000000002972800 Uncommon trap: reason=null_check action=make_not_entrant pc=0x000000000334c774 method=org.codehaus.plexus.interpolation.reflection.ReflectionValueExtractor.getClassMap(Ljava/lang/Class;)Lorg/codehaus/plexus/interpolation/reflection/ClassMap; @ 21
Event: 3.792 Thread 0x0000000002972800 Uncommon trap: reason=unstable_if action=reinterpret pc=0x0000000003365dd4 method=org.codehaus.plexus.interpolation.util.StringUtils.capitalizeFirstLetter(Ljava/lang/String;)Ljava/lang/String; @ 13
Event: 4.588 Thread 0x00000000259dd000 Uncommon trap: reason=unstable_if action=reinterpret pc=0x0000000003437e84 method=java.lang.ref.Reference.tryHandlePending(Z)Z @ 104
Event: 4.614 Thread 0x0000000002972800 Uncommon trap: reason=unstable_if action=reinterpret pc=0x000000000359a7cc method=org.codehaus.plexus.interpolation.StringSearchInterpolator.interpolate(Ljava/lang/String;Lorg/codehaus/plexus/interpolation/RecursionInterceptor;Ljava/util/Set;)Ljava/lang/S
Event: 4.766 Thread 0x0000000002972800 Uncommon trap: reason=null_check action=make_not_entrant pc=0x000000000364c904 method=org.apache.maven.model.validation.DefaultModelValidator.validateEffectiveDependency(Lorg/apache/maven/model/building/ModelProblemCollector;Lorg/apache/maven/model/Depend
Event: 4.945 Thread 0x0000000002972800 Uncommon trap: reason=unstable_if action=reinterpret pc=0x0000000003424d40 method=org.codehaus.plexus.util.xml.pull.MXParser.parseAttribute()C @ 1112
Event: 5.317 Thread 0x0000000002972800 Uncommon trap: reason=unstable_if action=reinterpret pc=0x000000000370147c method=java.util.IdentityHashMap.put(Ljava/lang/Object;Ljava/lang/Object;)Ljava/lang/Object; @ 90
Event: 5.335 Thread 0x0000000002972800 Uncommon trap: reason=unstable_if action=reinterpret pc=0x0000000003565be0 method=org.jboss.shrinkwrap.resolver.impl.maven.aether.ClasspathWorkspaceReader.findArtifact(Lorg/eclipse/aether/artifact/Artifact;)Ljava/io/File; @ 94
Event: 5.342 Thread 0x0000000002972800 Uncommon trap: reason=unstable_if action=reinterpret pc=0x00000000034fe168 method=org.jboss.shrinkwrap.resolver.impl.maven.aether.ClasspathWorkspaceReader.findArtifact(Lorg/eclipse/aether/artifact/Artifact;)Ljava/io/File; @ 225
Event: 5.358 Thread 0x0000000002972800 Uncommon trap: reason=unstable_if action=reinterpret pc=0x00000000031089d8 method=java.io.File.getName()Ljava/lang/String; @ 16

Classes redefined (0 events):
No events

Internal exceptions (10 events):
Event: 2.147 Thread 0x0000000002972800 Exception <a 'java/lang/NoSuchFieldError': method resolution failed> (0x0000000717745888) thrown at [C:\re\workspace\8-2-build-windows-amd64-cygwin\jdk8u181\11358\hotspot\src\share\vm\prims\methodHandles.cpp, line 1167]
Event: 2.222 Thread 0x0000000002972800 Exception <a 'java/lang/NoSuchMethodError': org.slf4j.impl.StaticMDCBinder.getSingleton()Lorg/slf4j/impl/StaticMDCBinder;> (0x0000000717b54478) thrown at [C:\re\workspace\8-2-build-windows-amd64-cygwin\jdk8u181\11358\hotspot\src\share\vm\interpreter\linkR
Event: 2.333 Thread 0x0000000002972800 Exception <a 'java/io/FileNotFoundException'> (0x00000007189846e8) thrown at [C:\re\workspace\8-2-build-windows-amd64-cygwin\jdk8u181\11358\hotspot\src\share\vm\prims\jni.cpp, line 709]
Event: 2.824 Thread 0x0000000002972800 Implicit null exception at 0x0000000003083f75 to 0x0000000003084379
Event: 3.042 Thread 0x0000000002972800 Implicit null exception at 0x0000000002cdc6d5 to 0x0000000002cdc909
Event: 3.043 Thread 0x0000000002972800 Implicit null exception at 0x0000000002c59def to 0x0000000002c59e59
Event: 3.108 Thread 0x0000000002972800 Implicit null exception at 0x00000000030f7374 to 0x00000000030f7634
Event: 3.791 Thread 0x0000000002972800 Implicit null exception at 0x00000000033e7444 to 0x00000000033e8ac1
Event: 3.792 Thread 0x0000000002972800 Implicit null exception at 0x000000000334c12f to 0x000000000334c765
Event: 4.766 Thread 0x0000000002972800 Implicit null exception at 0x0000000003649777 to 0x000000000364c8f5

Events (10 events):
Event: 5.360 loading class java/util/zip/ZipOutputStream
Event: 5.360 loading class java/util/zip/DeflaterOutputStream
Event: 5.360 loading class java/util/zip/DeflaterOutputStream done
Event: 5.360 loading class java/util/zip/ZipOutputStream done
Event: 5.361 loading class java/util/zip/Deflater
Event: 5.361 loading class java/util/zip/Deflater done
Event: 5.363 loading class java/util/zip/ZipOutputStream$XEntry
Event: 5.363 loading class java/util/zip/ZipOutputStream$XEntry done
Event: 5.363 loading class org/jboss/shrinkwrap/resolver/impl/maven/util/IOUtil
Event: 5.363 loading class org/jboss/shrinkwrap/resolver/impl/maven/util/IOUtil done


Dynamic libraries:
0x00007ff77a000000 - 0x00007ff77a037000 	C:\Java\jdk1.8.0_181\jre\bin\java.exe
0x00007ffebb250000 - 0x00007ffebb431000 	C:\WINDOWS\SYSTEM32\ntdll.dll
0x00007ffebb160000 - 0x00007ffebb212000 	C:\WINDOWS\System32\KERNEL32.DLL
0x00007ffeb7c50000 - 0x00007ffeb7ec3000 	C:\WINDOWS\System32\KERNELBASE.dll
0x00007ffeb8900000 - 0x00007ffeb89a1000 	C:\WINDOWS\System32\ADVAPI32.dll
0x00007ffeba8d0000 - 0x00007ffeba96e000 	C:\WINDOWS\System32\msvcrt.dll
0x00007ffeba270000 - 0x00007ffeba2cb000 	C:\WINDOWS\System32\sechost.dll
0x00007ffebae60000 - 0x00007ffebaf84000 	C:\WINDOWS\System32\RPCRT4.dll
0x00007ffeba610000 - 0x00007ffeba7a0000 	C:\WINDOWS\System32\USER32.dll
0x00007ffeb7ac0000 - 0x00007ffeb7ae0000 	C:\WINDOWS\System32\win32u.dll
0x00007ffebb130000 - 0x00007ffebb158000 	C:\WINDOWS\System32\GDI32.dll
0x00007ffeb78c0000 - 0x00007ffeb7a52000 	C:\WINDOWS\System32\gdi32full.dll
0x00007ffeb7ae0000 - 0x00007ffeb7b7f000 	C:\WINDOWS\System32\msvcp_win.dll
0x00007ffeb7ed0000 - 0x00007ffeb7fc8000 	C:\WINDOWS\System32\ucrtbase.dll
0x00007ffea9160000 - 0x00007ffea93c9000 	C:\WINDOWS\WinSxS\amd64_microsoft.windows.common-controls_6595b64144ccf1df_6.0.17134.648_none_fb45a0e93062a6d2\COMCTL32.dll
0x00007ffeba2e0000 - 0x00007ffeba602000 	C:\WINDOWS\System32\combase.dll
0x00007ffeb7b80000 - 0x00007ffeb7bfa000 	C:\WINDOWS\System32\bcryptPrimitives.dll
0x00007ffebadd0000 - 0x00007ffebadfd000 	C:\WINDOWS\System32\IMM32.DLL
0x00007ffe8e1e0000 - 0x00007ffe8e200000 	C:\Program Files (x86)\Panda Security\WAC\PSNMVHookMS64.dll
0x00007ffeb5f30000 - 0x00007ffeb60f9000 	C:\WINDOWS\SYSTEM32\dbghelp.dll
0x00007ffe8e180000 - 0x00007ffe8e1d2000 	C:\Program Files (x86)\Panda Security\WAC\PSNMVTools64.dll
0x00007ffeba2d0000 - 0x00007ffeba2d8000 	C:\WINDOWS\System32\PSAPI.DLL
0x00007ffeb8790000 - 0x00007ffeb88e1000 	C:\WINDOWS\System32\ole32.dll
0x00007ffeb65b0000 - 0x00007ffeb65e1000 	C:\WINDOWS\SYSTEM32\ntmarta.dll
0x00007ffe8d480000 - 0x00007ffe8d4e9000 	C:\Program Files (x86)\Panda Security\WAC\PSNMVComm64.dll
0x000000006d6f0000 - 0x000000006d7c2000 	C:\Java\jdk1.8.0_181\jre\bin\msvcr100.dll
0x000000006ba20000 - 0x000000006c2c2000 	C:\Java\jdk1.8.0_181\jre\bin\server\jvm.dll
0x00007ffea3b60000 - 0x00007ffea3b69000 	C:\WINDOWS\SYSTEM32\WSOCK32.dll
0x00007ffeb1030000 - 0x00007ffeb1053000 	C:\WINDOWS\SYSTEM32\WINMM.dll
0x00007ffeba800000 - 0x00007ffeba86c000 	C:\WINDOWS\System32\WS2_32.dll
0x00007ffeafc10000 - 0x00007ffeafc1a000 	C:\WINDOWS\SYSTEM32\VERSION.dll
0x00007ffeb1000000 - 0x00007ffeb102a000 	C:\WINDOWS\SYSTEM32\WINMMBASE.dll
0x00007ffeb7c00000 - 0x00007ffeb7c49000 	C:\WINDOWS\System32\cfgmgr32.dll
0x000000006e500000 - 0x000000006e50f000 	C:\Java\jdk1.8.0_181\jre\bin\verify.dll
0x000000006d890000 - 0x000000006d8b9000 	C:\Java\jdk1.8.0_181\jre\bin\java.dll
0x000000006d6d0000 - 0x000000006d6e6000 	C:\Java\jdk1.8.0_181\jre\bin\zip.dll
0x00007ffeb89b0000 - 0x00007ffeb9df0000 	C:\WINDOWS\System32\SHELL32.dll
0x00007ffeb86e0000 - 0x00007ffeb8789000 	C:\WINDOWS\System32\shcore.dll
0x0000000027ed0000 - 0x00000000285dd000 	C:\WINDOWS\System32\windows.storage.dll
0x00007ffebae00000 - 0x00007ffebae51000 	C:\WINDOWS\System32\shlwapi.dll
0x00007ffeb7590000 - 0x00007ffeb75a1000 	C:\WINDOWS\System32\kernel.appcore.dll
0x00007ffeb7600000 - 0x00007ffeb761f000 	C:\WINDOWS\System32\profapi.dll
0x00007ffeb75b0000 - 0x00007ffeb75fc000 	C:\WINDOWS\System32\powrprof.dll
0x00007ffeb7580000 - 0x00007ffeb758a000 	C:\WINDOWS\System32\FLTLIB.DLL
0x000000006d880000 - 0x000000006d88d000 	C:\Java\jdk1.8.0_181\jre\bin\management.dll
0x000000006d6b0000 - 0x000000006d6ca000 	C:\Java\jdk1.8.0_181\jre\bin\net.dll
0x00007ffeb6d90000 - 0x00007ffeb6df6000 	C:\WINDOWS\system32\mswsock.dll
0x000000006d690000 - 0x000000006d6a1000 	C:\Java\jdk1.8.0_181\jre\bin\nio.dll
0x00007ffeb6fa0000 - 0x00007ffeb6fb7000 	C:\WINDOWS\SYSTEM32\CRYPTSP.dll
0x00007ffeb6980000 - 0x00007ffeb69b3000 	C:\WINDOWS\system32\rsaenh.dll
0x00007ffeb70c0000 - 0x00007ffeb70e5000 	C:\WINDOWS\SYSTEM32\bcrypt.dll
0x00007ffeb7490000 - 0x00007ffeb74b8000 	C:\WINDOWS\SYSTEM32\USERENV.dll
0x00007ffeb6ef0000 - 0x00007ffeb6efb000 	C:\WINDOWS\SYSTEM32\CRYPTBASE.dll
0x00007ffeb6b20000 - 0x00007ffeb6b58000 	C:\WINDOWS\SYSTEM32\IPHLPAPI.DLL
0x00007ffeba970000 - 0x00007ffeba978000 	C:\WINDOWS\System32\NSI.dll
0x00007ffeb3f30000 - 0x00007ffeb3f46000 	C:\WINDOWS\SYSTEM32\dhcpcsvc6.DLL
0x00007ffeb3f10000 - 0x00007ffeb3f2a000 	C:\WINDOWS\SYSTEM32\dhcpcsvc.DLL

VM Arguments:
java_command: C:\Users\joemat\AppData\Local\Temp\surefire6463800161182876095\surefirebooter6073675921410597971.jar C:\Users\joemat\AppData\Local\Temp\surefire6463800161182876095 2019-04-08T14-58-47_836-jvmRun1 surefire364781911975859354tmp surefire_27015535989777670672tmp
java_class_path (initial): C:\Users\joemat\AppData\Local\Temp\surefire6463800161182876095\surefirebooter6073675921410597971.jar
Launcher Type: SUN_STANDARD

Environment Variables:
PATH=C:\cmder\bin;C:\cmder\vendor\conemu-maximus5\ConEmu\Scripts;C:\cmder\vendor\conemu-maximus5;C:\cmder\vendor\conemu-maximus5\ConEmu;C:\ProgramData\DockerDesktop\version-bin;C:\Program Files\Docker\Docker\Resources\bin;C:\WINDOWS\system32;C:\WINDOWS;C:\WINDOWS\System32\Wbem;C:\WINDOWS\System32\WindowsPowerShell\v1.0\;C:\WINDOWS\System32\OpenSSH\;C:\Program Files (x86)\Panda Security\WaAgent\Common;C:\Program Files\Git\cmd;C:\apache-maven-3.5.3\apache-maven-3.5.3\bin;C:\Java\jdk1.8.0_181\bin;C:\Java\jdk1.8.0_172\bin;C:\Java\jdk1.7.0_80\bin;C:\Program Files\PuTTY\;C:\Program Files\TortoiseGit\bin;C:\Users\joemat\AppData\Local\Microsoft\WindowsApps;C:\apache-maven-3.5.3\apache-maven-3.5.3\bin;C:\cmder;C:\Program Files\Docker Toolbox;C:\Java\jdk1.8.0_181\bin;C:\Java\jdk1.8.0_172\bin;C:\Java\jdk1.7.0_80\bin;C:\Program Files\Git\mingw64;C:\Program Files\Git\usr\bin
USERNAME=joemat
OS=Windows_NT
PROCESSOR_IDENTIFIER=Intel64 Family 6 Model 158 Stepping 9, GenuineIntel



---------------  S Y S T E M  ---------------

OS: Windows 10.0 , 64 bit Build 17134 (10.0.17134.648)

CPU:total 8 (initial active 8) (4 cores per cpu, 2 threads per core) family 6 model 158 stepping 9, cmov, cx8, fxsr, mmx, sse, sse2, sse3, ssse3, sse4.1, sse4.2, popcnt, avx, avx2, aes, clmul, erms, rtm, 3dnowpref, lzcnt, ht, tsc, tscinvbit, bmi1, bmi2, adx

Memory: 4k page, physical 33427312k(5399780k free), swap 59939616k(23057392k free)

vm_info: Java HotSpot(TM) 64-Bit Server VM (25.181-b13) for windows-amd64 JRE (1.8.0_181-b13), built on Jul  7 2018 04:01:33 by "java_re" with MS VC++ 10.0 (VS2010)

time: Mon Apr 08 14:59:08 2019
elapsed time: 5 seconds (0d 0h 0m 5s)

